<?xml version="1.0" encoding="UTF-8"?>
<!-- Generated by org.testng.reporters.JUnitReportReporter -->
<testsuite hostname="Shubham" failures="0" tests="2" name="Test_File.TC5_ReviewRoom_Approv_page" time="126.393" errors="0" timestamp="2023-10-17T21:50:47 IST" skipped="0">
  <testcase classname="Test_File.TC5_ReviewRoom_Approv_page" name="Login" time="15.891"/>
  <system-out/>
  <testcase classname="Test_File.TC5_ReviewRoom_Approv_page" name="ReviewRoom_Main2" time="110.502"/>
  <system-out/>
</testsuite> <!-- Test_File.TC5_ReviewRoom_Approv_page -->
