<?xml version="1.0" encoding="UTF-8"?>
<!-- Generated by org.testng.reporters.JUnitReportReporter -->
<testsuite hostname="Shubham" failures="0" tests="1" name="Test_File.TC1_Login_Page" time="7.369" errors="0" timestamp="2023-08-30T23:05:35 IST" skipped="0">
  <testcase classname="Test_File.TC1_Login_Page" name="Login" time="7.369"/>
  <system-out/>
</testsuite> <!-- Test_File.TC1_Login_Page -->
