<?xml version="1.0" encoding="UTF-8"?>
<!-- Generated by org.testng.reporters.JUnitReportReporter -->
<testsuite hostname="Shubham" failures="0" tests="2" name="Test_File.TC1_Login_Page" time="26.892" errors="0" timestamp="2023-08-27T14:10:04 IST" skipped="0">
  <testcase classname="Test_File.TC1_Login_Page" name="Login" time="4.209"/>
  <system-out/>
  <testcase classname="Test_File.TC1_Login_Page" name="Meeting" time="22.683"/>
  <system-out/>
</testsuite> <!-- Test_File.TC1_Login_Page -->
