<?xml version="1.0" encoding="UTF-8"?>
<!-- Generated by org.testng.reporters.JUnitReportReporter -->
<testsuite hostname="Shubham" failures="0" tests="2" name="Test_File.TC3_Resolution_page" time="135.534" errors="0" timestamp="2023-10-07T11:55:02 IST" skipped="0">
  <testcase classname="Test_File.TC3_Resolution_page" name="Login" time="15.269"/>
  <system-out/>
  <testcase classname="Test_File.TC3_Resolution_page" name="Resolution_Main" time="120.265"/>
  <system-out/>
</testsuite> <!-- Test_File.TC3_Resolution_page -->
