<?xml version="1.0" encoding="UTF-8"?>
<!-- Generated by org.testng.reporters.JUnitReportReporter -->
<testsuite hostname="Shubham" failures="0" tests="2" name="Test_File.TC2_Meeting_Page" time="222.229" errors="0" timestamp="2023-10-01T23:41:03 IST" skipped="0">
  <testcase classname="Test_File.TC2_Meeting_Page" name="Login" time="15.518"/>
  <system-out/>
  <testcase classname="Test_File.TC2_Meeting_Page" name="Meeting" time="206.711"/>
  <system-out/>
</testsuite> <!-- Test_File.TC2_Meeting_Page -->
