<?xml version="1.0" encoding="UTF-8"?>
<!-- Generated by org.testng.reporters.JUnitReportReporter -->
<testsuite hostname="Shubham" failures="0" tests="2" name="Test_File.TC2_Meeting_Page" time="212.367" errors="0" timestamp="2023-10-07T11:55:02 IST" skipped="0">
  <testcase classname="Test_File.TC2_Meeting_Page" name="Login" time="15.517"/>
  <system-out/>
  <testcase classname="Test_File.TC2_Meeting_Page" name="Meeting" time="196.850"/>
  <system-out/>
</testsuite> <!-- Test_File.TC2_Meeting_Page -->
