<?xml version="1.0" encoding="UTF-8"?>
<!-- Generated by org.testng.reporters.JUnitReportReporter -->
<testsuite hostname="Shubham" failures="0" tests="2" name="Test_File.TC3_Resolution_page" time="143.708" errors="0" timestamp="2023-10-02T19:15:21 IST" skipped="0">
  <testcase classname="Test_File.TC3_Resolution_page" name="Login" time="16.289"/>
  <system-out/>
  <testcase classname="Test_File.TC3_Resolution_page" name="Resolution_Main" time="127.419"/>
  <system-out/>
</testsuite> <!-- Test_File.TC3_Resolution_page -->
